0 info it worked if it ends with ok
1 verbose cli [ '/usr/local/bin/node', '/usr/bin/npm', 'start' ]
2 info using npm@1.3.8
3 info using node@v0.10.18
4 error Failed to parse json
4 error Unexpected string
5 error File: /var/www/ghost/package.json
6 error Failed to parse package.json data.
6 error package.json must be actual JSON, not just JavaScript.
6 error
6 error This is not a bug in npm.
6 error Tell the package author to fix their package.json file. JSON.parse
7 error System Linux 3.4.62-53.42.amzn1.i686
8 error command "/usr/local/bin/node" "/usr/bin/npm" "start"
9 error cwd /var/www/ghost
10 error node -v v0.10.18
11 error npm -v 1.3.8
12 error file /var/www/ghost/package.json
13 error code EJSONPARSE
14 verbose exit [ 1, true ]
